<?xml version="1.0" encoding="UTF-8"?>
<!-- Generated by org.testng.reporters.JUnitXMLReporter -->
<testsuite ignored="0" hostname="LAPTOP-D6P6TIST" failures="0" tests="11" name="tests" time="319.514" errors="0" timestamp="2024-02-01T15:19:22 IST">
  <testcase classname="org_bigdeals_tests.Bigdeals_Login" name="verifyHomepage" time="22.271"/>
  <testcase classname="org_bigdeals_tests.Bigdeals_CheckoutShoppingCartValidation" name="verifyCheckOutItemShoppingCartAfterAddingItem" time="80.904"/>
  <testcase classname="org_bigdeals_tests.Bigdeals_HomePageValidation" name="verifyHomepage" time="13.767"/>
  <testcase classname="org_bigdeals_tests.Bigdeals_HomePageValidation" name="verifyHomepage" time="13.764"/>
  <testcase classname="org_bigdeals_tests.Bigdeals_HomePageValidation" name="verifyHomepage" time="13.889"/>
  <testcase classname="org_bigdeals_tests.Bigdeals_HomePageValidation" name="verifyHomepage" time="14.296"/>
  <testcase classname="org_bigdeals_tests.Bigdeals_HomePageValidation" name="verifyHomepage" time="14.589"/>
  <testcase classname="org_bigdeals_tests.Bigdeals_HomePageValidation" name="verifyHomepage" time="14.643"/>
  <testcase classname="org_bigdeals_tests.Bigdeals_HomePageValidation" name="verifyHomepage" time="14.816"/>
  <testcase classname="org_bigdeals_tests.Bigdeals_HomePageValidation" name="verifyHomepage" time="15.143"/>
  <testcase classname="org_bigdeals_tests.Bigdeals_ShoppingCartValidation" name="verifyShoppingCartAfterAddingItem" time="52.343"/>
</testsuite> <!-- tests -->
